  Moc'ing table_main_window.h...
  Moc'ing AboutWidget.h...
  AboutWidget.cpp
  moc_AboutWidget.cpp
  moc_table_main_window.cpp
  Создание кода...
  Table_Lab_1.vcxproj -> E:\ForWorking\3 курс\Компьютерная графика\1 лаба\Table_Lab_1\debug\Table_Lab_1.exe

Итоги по проекту:
     3707 мс вызовов   1 E:\ForWorking\3 курс\Компьютерная графика\1 лаба\Table_Lab_1\Table_Lab_1.vcxproj
               3707 мс вызовов   1 Build                                   

Итоги по целям:
        0 мс вызовов   1 AfterBuildCompileEvent                  
        0 мс вызовов   1 AfterBuildGenerateSources               
        0 мс вызовов   1 ComputeManifestGeneratedLinkerInputs    
        0 мс вызовов   1 ResolveReferences                       
        0 мс вызовов   1 SelectClCompile                         
        0 мс вызовов   1 GetCopyToOutputDirectoryXamlAppDefs     
        0 мс вызовов   1 _CheckForCompileOutputs                 
        0 мс вызовов   1 GetResolvedWinMD                        
        0 мс вызовов   1 _SelectedFiles                          
        0 мс вызовов   1 MakeDirsForCl                           
        0 мс вызовов   1 _Midl                                   
        0 мс вызовов   1 _ClCompile                              
        0 мс вызовов   1 CreateCustomManifestResourceNames       
        0 мс вызовов   1 BeforeLink                              
        0 мс вызовов   1 AfterBuild                              
        0 мс вызовов   1 ComputeCLInputPDBName                   
        0 мс вызовов   1 GetCopyToOutputDirectoryItems           
        0 мс вызовов   1 _BuildLinkAction                        
        0 мс вызовов   1 BeforeResourceCompile                   
        0 мс вызовов   1 SelectCustomBuild                       
        0 мс вызовов   1 BuildCompileTraverse                    
        0 мс вызовов   1 ExpandSDKReferences                     
        0 мс вызовов   1 CopyFilesToOutputDirectory              
        0 мс вызовов   1 BuildGenerateSources                    
        0 мс вызовов   1 _CopySourceItemsToOutputDirectory       
        0 мс вызовов   1 ComputeLinkImportLibraryOutputsForClean 
        0 мс вызовов   1 GetFrameworkPaths                       
        0 мс вызовов   1 AfterResourceCompile                    
        0 мс вызовов   1 _Xsd                                    
        0 мс вызовов   1 MakeDirsForBscMake                      
        0 мс вызовов   1 ComputeLinkSwitches                     
        0 мс вызовов   1 _GenerateSatelliteAssemblyInputs        
        0 мс вызовов   1 MakeDirsForResourceCompile              
        0 мс вызовов   1 _ResourceCompile                        
        0 мс вызовов   1 ComputeLinkInputsFromProject            
        0 мс вызовов   1 Build                                   
        0 мс вызовов   1 _Link                                   
        0 мс вызовов   1 BuildLinkTraverse                       
        0 мс вызовов   1 ComputeManifestInputsTargets            
        0 мс вызовов   1 ComputeRCOutputs                        
        0 мс вызовов   1 _XdcMake                                
        0 мс вызовов   1 CreateSatelliteAssemblies               
        0 мс вызовов   1 AfterMidl                               
        0 мс вызовов   1 PreLinkEvent                            
        0 мс вызовов   1 ComputeMIDLGeneratedCompileInputs       
        0 мс вызовов   1 _PrepareForReferenceResolution          
        0 мс вызовов   1 ComputeCLOutputs                        
        0 мс вызовов   1 AfterResolveReferences                  
        0 мс вызовов   1 _Deploy                                 
        0 мс вызовов   1 ComputeReferenceCLInput                 
        0 мс вызовов   1 PrepareForRun                           
        0 мс вызовов   1 PreBuildEvent                           
        0 мс вызовов   1 MakeDirsForMidl                         
        0 мс вызовов   1 _BscMake                                
        0 мс вызовов   1 _Appverifier                            
        0 мс вызовов   1 ComputeCLCompileGeneratedXDCFiles       
        0 мс вызовов   1 _BuildGenerateSourcesAction             
        0 мс вызовов   1 BuildLink                               
        0 мс вызовов   1 ComputeCLCompileGeneratedSbrFiles       
        0 мс вызовов   1 ResolveSDKReferences                    
        0 мс вызовов   1 _ALink                                  
        0 мс вызовов   1 _SplitProjectReferencesByFileExistence  
        0 мс вызовов   1 BuildGenerateSourcesTraverse            
        0 мс вызовов   1 AssignTargetPaths                       
        0 мс вызовов   1 ComputeLegacyManifestEmbedding          
        0 мс вызовов   1 BeforeClCompile                         
        0 мс вызовов   1 AfterBuildGenerateSourcesEvent          
        0 мс вызовов   1 BeforeResolveReferences                 
        0 мс вызовов   1 AfterLink                               
        0 мс вызовов   1 MakeDirsForLink                         
        0 мс вызовов   1 BeforeBuildGenerateSources              
        0 мс вызовов   1 ComputeRCGeneratedLinkInputs            
        0 мс вызовов   1 AfterClCompile                          
        0 мс вызовов   1 ResolvedXDCMake                         
        0 мс вызовов   1 BuildCompile                            
        0 мс вызовов   1 PlatformPrepareForBuild                 
        0 мс вызовов   1 _BuildCompileAction                     
        0 мс вызовов   1 MakeDirsForXdcMake                      
        0 мс вызовов   1 PrepareResourceNames                    
        0 мс вызовов   1 GetInstalledSDKLocations                
        1 мс вызовов   1 ComputeCLGeneratedLinkInputs            
        1 мс вызовов   1 FinalizeBuildStatus                     
        1 мс вызовов   1 SetBuildDefaultEnvironmentVariables     
        1 мс вызовов   1 DoLinkOutputFilesMatch                  
        1 мс вызовов   1 AssignProjectConfiguration              
        1 мс вызовов   1 SplitResourcesByCulture                 
        1 мс вызовов   1 ResolveAssemblyReferences               
        1 мс вызовов   1 GetReferenceAssemblyPaths               
        1 мс вызовов   1 _Manifest                               
        1 мс вызовов   1 _PrepareForBuild                        
        1 мс вызовов   1 PostBuildEvent                          
        1 мс вызовов   1 ComputeCustomBuildOutput                
        2 мс вызовов   1 InitializeBuildStatus                   
        3 мс вызовов   1 PrepareForBuild                         
        3 мс вызовов   1 WarnCompileDuplicatedFilename           
        3 мс вызовов   1 ResolveProjectReferences                
        4 мс вызовов   1 _CheckForInvalidConfigurationAndPlatform
        6 мс вызовов   1 SetCABuildNativeEnvironmentVariables    
      338 мс вызовов   1 CustomBuild                             
      358 мс вызовов   1 Link                                    
     2974 мс вызовов   1 ClCompile                               
