e:\forworking\3 курс\компьютерная графика\1 лаба\table_lab_1\x64\debug\vc120.pdb
e:\forworking\3 курс\компьютерная графика\1 лаба\table_lab_1\x64\debug\table_view.obj
e:\forworking\3 курс\компьютерная графика\1 лаба\table_lab_1\x64\debug\table_main_window.obj
e:\forworking\3 курс\компьютерная графика\1 лаба\table_lab_1\x64\debug\main.obj
e:\forworking\3 курс\компьютерная графика\1 лаба\table_lab_1\x64\debug\moc_table_main_window.obj
e:\forworking\3 курс\компьютерная графика\1 лаба\table_lab_1\x64\debug\helper.obj
e:\forworking\3 курс\компьютерная графика\1 лаба\table_lab_1\generatedfiles\ui_table_main_window.h
e:\forworking\3 курс\компьютерная графика\1 лаба\table_lab_1\generatedfiles\ui_aboutdialog.h
e:\forworking\3 курс\компьютерная графика\1 лаба\table_lab_1\generatedfiles\debug\moc_table_main_window.cpp
e:\forworking\3 курс\компьютерная графика\1 лаба\table_lab_1\debug\table_lab_1.ilk
e:\forworking\3 курс\компьютерная графика\1 лаба\table_lab_1\debug\table_lab_1.exe
e:\forworking\3 курс\компьютерная графика\1 лаба\table_lab_1\debug\table_lab_1.pdb
e:\forworking\3 курс\компьютерная графика\1 лаба\table_lab_1\x64\debug\table_lab_1.tlog\cl.command.1.tlog
e:\forworking\3 курс\компьютерная графика\1 лаба\table_lab_1\x64\debug\table_lab_1.tlog\cl.read.1.tlog
e:\forworking\3 курс\компьютерная графика\1 лаба\table_lab_1\x64\debug\table_lab_1.tlog\cl.write.1.tlog
e:\forworking\3 курс\компьютерная графика\1 лаба\table_lab_1\x64\debug\table_lab_1.tlog\custombuild.command.1.tlog
e:\forworking\3 курс\компьютерная графика\1 лаба\table_lab_1\x64\debug\table_lab_1.tlog\custombuild.read.1.tlog
e:\forworking\3 курс\компьютерная графика\1 лаба\table_lab_1\x64\debug\table_lab_1.tlog\custombuild.write.1.tlog
e:\forworking\3 курс\компьютерная графика\1 лаба\table_lab_1\x64\debug\table_lab_1.tlog\link.command.1.tlog
e:\forworking\3 курс\компьютерная графика\1 лаба\table_lab_1\x64\debug\table_lab_1.tlog\link.read.1.tlog
e:\forworking\3 курс\компьютерная графика\1 лаба\table_lab_1\x64\debug\table_lab_1.tlog\link.write.1.tlog
